{"level":30,"time":"04:04:09.140","app":"TikTokCrawlerMaster","logger":"MasterWorker","enabled":true,"seedsCount":5,"msg":"MASTER_WORKER_STARTING"}
{"level":30,"time":"04:04:09.141","app":"TikTokCrawlerMaster","logger":"MasterWorker","totalLimit":100,"perWorkerLimit":20,"totalWorkers":5,"msg":"DISTRIBUTING_CRAWL_LIMIT"}
{"level":30,"time":"04:04:09.141","app":"TikTokCrawlerMaster","logger":"MasterWorker","seedUrl":"https://www.tiktok.com/@anhemtv.vn","limit":20,"msg":"SPAWNED_WORKER_FOR_CHANNEL"}
{"level":30,"time":"04:04:09.141","app":"TikTokCrawlerMaster","logger":"MasterWorker","seedUrl":"https://www.tiktok.com/@ainius.net","limit":20,"msg":"SPAWNED_WORKER_FOR_CHANNEL"}
{"level":30,"time":"04:04:09.142","app":"TikTokCrawlerMaster","logger":"MasterWorker","seedUrl":"https://www.tiktok.com/@vinhtech","limit":20,"msg":"SPAWNED_WORKER_FOR_CHANNEL"}
{"level":30,"time":"04:04:09.142","app":"TikTokCrawlerMaster","logger":"MasterWorker","seedUrl":"https://www.tiktok.com/@caocuongvu","limit":20,"msg":"SPAWNED_WORKER_FOR_CHANNEL"}
{"level":30,"time":"04:04:09.142","app":"TikTokCrawlerMaster","logger":"MasterWorker","seedUrl":"https://www.tiktok.com/@venessashop","limit":20,"msg":"SPAWNED_WORKER_FOR_CHANNEL"}
{"level":30,"time":"04:04:09.175","app":"TikTokCrawlerMaster","logger":"Worker-@anhemtv.vn","seedUrl":"https://www.tiktok.com/@anhemtv.vn","limit":20,"crawlIntervalSec":1800,"cleanupIntervalSec":3600,"msg":"CRAWLER_WORKER_STARTED"}
{"level":30,"time":"04:04:09.177","app":"TikTokCrawlerMaster","logger":"Worker-@anhemtv.vn","seedUrl":"https://www.tiktok.com/@anhemtv.vn","limit":20,"msg":"CRAWL_TIKTOK_START"}
{"level":30,"time":"04:04:10.189","app":"TikTokCrawlerMaster","logger":"Worker-@venessashop","seedUrl":"https://www.tiktok.com/@venessashop","limit":20,"crawlIntervalSec":1800,"cleanupIntervalSec":3600,"msg":"CRAWLER_WORKER_STARTED"}
{"level":30,"time":"04:04:10.191","app":"TikTokCrawlerMaster","logger":"Worker-@ainius.net","seedUrl":"https://www.tiktok.com/@ainius.net","limit":20,"crawlIntervalSec":1800,"cleanupIntervalSec":3600,"msg":"CRAWLER_WORKER_STARTED"}
{"level":30,"time":"04:04:10.191","app":"TikTokCrawlerMaster","logger":"Worker-@vinhtech","seedUrl":"https://www.tiktok.com/@vinhtech","limit":20,"crawlIntervalSec":1800,"cleanupIntervalSec":3600,"msg":"CRAWLER_WORKER_STARTED"}
{"level":30,"time":"04:04:10.192","app":"TikTokCrawlerMaster","logger":"Worker-@caocuongvu","seedUrl":"https://www.tiktok.com/@caocuongvu","limit":20,"crawlIntervalSec":1800,"cleanupIntervalSec":3600,"msg":"CRAWLER_WORKER_STARTED"}
{"level":30,"time":"04:04:10.193","app":"TikTokCrawlerMaster","logger":"Worker-@venessashop","seedUrl":"https://www.tiktok.com/@venessashop","limit":20,"msg":"CRAWL_TIKTOK_START"}
{"level":30,"time":"04:04:10.204","app":"TikTokCrawlerMaster","logger":"Worker-@ainius.net","seedUrl":"https://www.tiktok.com/@ainius.net","limit":20,"msg":"CRAWL_TIKTOK_START"}
{"level":30,"time":"04:04:10.237","app":"TikTokCrawlerMaster","logger":"Worker-@vinhtech","seedUrl":"https://www.tiktok.com/@vinhtech","limit":20,"msg":"CRAWL_TIKTOK_START"}
{"level":30,"time":"04:04:10.255","app":"TikTokCrawlerMaster","logger":"Worker-@caocuongvu","seedUrl":"https://www.tiktok.com/@caocuongvu","limit":20,"msg":"CRAWL_TIKTOK_START"}
{"level":30,"time":"04:05:45.325","app":"TikTokCrawlerMaster","logger":"Worker-@caocuongvu","seedUrl":"https://www.tiktok.com/@caocuongvu","savedCount":0,"msg":"CRAWL_TIKTOK_COMPLETE"}
{"level":30,"time":"04:05:45.371","app":"TikTokCrawlerMaster","logger":"Worker-@vinhtech","seedUrl":"https://www.tiktok.com/@vinhtech","savedCount":0,"msg":"CRAWL_TIKTOK_COMPLETE"}
{"level":30,"time":"04:10:42.102","app":"TikTokCrawlerMaster","logger":"Worker-@venessashop","seedUrl":"https://www.tiktok.com/@venessashop","savedCount":6,"msg":"CRAWL_TIKTOK_COMPLETE"}
{"level":50,"time":"04:12:52.281","app":"TikTokCrawlerMaster","logger":"TikTokCrawl","pid":6152,"timeout":300000,"msg":"YTDLP_TIMEOUT"}
{"level":50,"time":"04:12:52.292","app":"TikTokCrawlerMaster","logger":"TikTokCrawl","videoId":"7620676442052889876","err":"yt-dlp timeout: Process exceeded 300000ms.","msg":"DOWNLOAD_RAW_FAIL"}
{"level":50,"time":"04:14:14.183","app":"TikTokCrawlerMaster","logger":"TikTokCrawl","url":"https://www.tiktok.com/@anhemtv.vn/video/7620462117858102548","err":"Compression failed: Size still too large (5.57MB)","msg":"VIDEO_PROCESS_ERROR"}
{"level":30,"time":"04:15:09.509","app":"TikTokCrawlerMaster","logger":"Worker-@anhemtv.vn","seedUrl":"https://www.tiktok.com/@anhemtv.vn","savedCount":3,"msg":"CRAWL_TIKTOK_COMPLETE"}
{"level":30,"time":"04:20:38.655","app":"TikTokCrawlerMaster","logger":"Worker-@ainius.net","seedUrl":"https://www.tiktok.com/@ainius.net","savedCount":20,"msg":"CRAWL_TIKTOK_COMPLETE"}
{"level":30,"time":"07:36:38.211","app":"TikTokCrawlerMaster","logger":"MasterWorker","enabled":true,"seedsCount":5,"msg":"MASTER_WORKER_STARTING"}
{"level":30,"time":"07:36:38.212","app":"TikTokCrawlerMaster","logger":"MasterWorker","totalLimit":100,"perWorkerLimit":20,"totalWorkers":5,"msg":"DISTRIBUTING_CRAWL_LIMIT"}
{"level":30,"time":"07:36:38.212","app":"TikTokCrawlerMaster","logger":"MasterWorker","seedUrl":"https://www.tiktok.com/@anhemtv.vn","limit":20,"msg":"SPAWNED_WORKER_FOR_CHANNEL"}
{"level":30,"time":"07:36:38.212","app":"TikTokCrawlerMaster","logger":"MasterWorker","seedUrl":"https://www.tiktok.com/@ainius.net","limit":20,"msg":"SPAWNED_WORKER_FOR_CHANNEL"}
{"level":30,"time":"07:36:38.213","app":"TikTokCrawlerMaster","logger":"MasterWorker","seedUrl":"https://www.tiktok.com/@vinhtech","limit":20,"msg":"SPAWNED_WORKER_FOR_CHANNEL"}
{"level":30,"time":"07:36:38.213","app":"TikTokCrawlerMaster","logger":"MasterWorker","seedUrl":"https://www.tiktok.com/@caocuongvu","limit":20,"msg":"SPAWNED_WORKER_FOR_CHANNEL"}
{"level":30,"time":"07:36:38.213","app":"TikTokCrawlerMaster","logger":"MasterWorker","seedUrl":"https://www.tiktok.com/@venessashop","limit":20,"msg":"SPAWNED_WORKER_FOR_CHANNEL"}
{"level":30,"time":"07:36:38.270","app":"TikTokCrawlerMaster","logger":"Worker-@anhemtv.vn","seedUrl":"https://www.tiktok.com/@anhemtv.vn","limit":20,"crawlIntervalSec":1800,"cleanupIntervalSec":3600,"msg":"CRAWLER_WORKER_STARTED"}
{"level":30,"time":"07:36:38.273","app":"TikTokCrawlerMaster","logger":"Worker-@anhemtv.vn","seedUrl":"https://www.tiktok.com/@anhemtv.vn","limit":20,"msg":"CRAWL_TIKTOK_START"}
{"level":30,"time":"07:36:38.426","app":"TikTokCrawlerMaster","logger":"Worker-@ainius.net","seedUrl":"https://www.tiktok.com/@ainius.net","limit":20,"crawlIntervalSec":1800,"cleanupIntervalSec":3600,"msg":"CRAWLER_WORKER_STARTED"}
{"level":30,"time":"07:36:38.429","app":"TikTokCrawlerMaster","logger":"Worker-@caocuongvu","seedUrl":"https://www.tiktok.com/@caocuongvu","limit":20,"crawlIntervalSec":1800,"cleanupIntervalSec":3600,"msg":"CRAWLER_WORKER_STARTED"}
{"level":30,"time":"07:36:38.431","app":"TikTokCrawlerMaster","logger":"Worker-@vinhtech","seedUrl":"https://www.tiktok.com/@vinhtech","limit":20,"crawlIntervalSec":1800,"cleanupIntervalSec":3600,"msg":"CRAWLER_WORKER_STARTED"}
{"level":30,"time":"07:36:38.433","app":"TikTokCrawlerMaster","logger":"Worker-@venessashop","seedUrl":"https://www.tiktok.com/@venessashop","limit":20,"crawlIntervalSec":1800,"cleanupIntervalSec":3600,"msg":"CRAWLER_WORKER_STARTED"}
{"level":30,"time":"07:36:38.434","app":"TikTokCrawlerMaster","logger":"Worker-@ainius.net","seedUrl":"https://www.tiktok.com/@ainius.net","limit":20,"msg":"CRAWL_TIKTOK_START"}
{"level":30,"time":"07:36:38.447","app":"TikTokCrawlerMaster","logger":"Worker-@caocuongvu","seedUrl":"https://www.tiktok.com/@caocuongvu","limit":20,"msg":"CRAWL_TIKTOK_START"}
{"level":30,"time":"07:36:38.462","app":"TikTokCrawlerMaster","logger":"Worker-@vinhtech","seedUrl":"https://www.tiktok.com/@vinhtech","limit":20,"msg":"CRAWL_TIKTOK_START"}
{"level":30,"time":"07:36:38.593","app":"TikTokCrawlerMaster","logger":"Worker-@venessashop","seedUrl":"https://www.tiktok.com/@venessashop","limit":20,"msg":"CRAWL_TIKTOK_START"}
{"level":30,"time":"07:39:09.339","app":"TikTokCrawlerMaster","logger":"Worker-@venessashop","seedUrl":"https://www.tiktok.com/@venessashop","savedCount":0,"msg":"CRAWL_TIKTOK_COMPLETE"}
{"level":30,"time":"07:39:09.480","app":"TikTokCrawlerMaster","logger":"Worker-@anhemtv.vn","seedUrl":"https://www.tiktok.com/@anhemtv.vn","savedCount":0,"msg":"CRAWL_TIKTOK_COMPLETE"}
{"level":30,"time":"07:39:09.537","app":"TikTokCrawlerMaster","logger":"Worker-@caocuongvu","seedUrl":"https://www.tiktok.com/@caocuongvu","savedCount":0,"msg":"CRAWL_TIKTOK_COMPLETE"}
{"level":30,"time":"07:39:09.592","app":"TikTokCrawlerMaster","logger":"Worker-@vinhtech","seedUrl":"https://www.tiktok.com/@vinhtech","savedCount":0,"msg":"CRAWL_TIKTOK_COMPLETE"}
{"level":30,"time":"07:39:44.231","app":"TikTokCrawlerMaster","logger":"Worker-@ainius.net","seedUrl":"https://www.tiktok.com/@ainius.net","savedCount":1,"msg":"CRAWL_TIKTOK_COMPLETE"}
