{"level":30,"time":"03:39:13.788","app":"TikTokCrawler","logger":"CrawlerWorker","crawlInterval":1800,"cleanupInterval":3600,"msg":"CRAWLER_WORKER_STARTED"}
{"level":30,"time":"03:39:13.791","app":"TikTokCrawler","logger":"CrawlerWorker","limit":100,"msg":"CRAWL_TIKTOK_START"}
{"level":50,"time":"03:39:57.589","app":"TikTokCrawler","logger":"TikTokCrawl","url":"https://www.tiktok.com/@anhemtv.vn/video/7619993389143952661","err":"Compression failed: Size still too large (5.43MB)","msg":"VIDEO_PROCESS_ERROR"}
{"level":50,"time":"03:40:38.297","app":"TikTokCrawler","logger":"TikTokCrawl","url":"https://www.tiktok.com/@anhemtv.vn/video/7619692303019707668","err":"Video too large to compress: 17.75MB > 10MB","msg":"VIDEO_PROCESS_ERROR"}
{"level":50,"time":"03:41:31.100","app":"TikTokCrawler","logger":"TikTokCrawl","url":"https://www.tiktok.com/@anhemtv.vn/video/7616775457803095316","err":"Compression failed: Size still too large (6.12MB)","msg":"VIDEO_PROCESS_ERROR"}
{"level":50,"time":"03:42:22.962","app":"TikTokCrawler","logger":"TikTokCrawl","url":"https://www.tiktok.com/@anhemtv.vn/video/7616348843252272405","err":"Video too large to compress: 18.14MB > 10MB","msg":"VIDEO_PROCESS_ERROR"}
{"level":50,"time":"03:43:10.301","app":"TikTokCrawler","logger":"TikTokCrawl","url":"https://www.tiktok.com/@anhemtv.vn/video/7615234657428262165","err":"Compression failed: Size still too large (5.61MB)","msg":"VIDEO_PROCESS_ERROR"}
{"level":50,"time":"03:43:39.337","app":"TikTokCrawler","logger":"TikTokCrawl","url":"https://www.tiktok.com/@anhemtv.vn/video/7615251288817028373","err":"Video too large to compress: 14.79MB > 10MB","msg":"VIDEO_PROCESS_ERROR"}
{"level":50,"time":"03:44:08.776","app":"TikTokCrawler","logger":"TikTokCrawl","url":"https://www.tiktok.com/@anhemtv.vn/video/7615229431187131668","err":"Compression failed: Size still too large (5.96MB)","msg":"VIDEO_PROCESS_ERROR"}
{"level":50,"time":"03:44:48.758","app":"TikTokCrawler","logger":"TikTokCrawl","url":"https://www.tiktok.com/@anhemtv.vn/video/7614787673911201045","err":"Compression failed: Size still too large (7.55MB)","msg":"VIDEO_PROCESS_ERROR"}
{"level":50,"time":"03:45:20.808","app":"TikTokCrawler","logger":"TikTokCrawl","url":"https://www.tiktok.com/@anhemtv.vn/video/7614494474445638932","err":"Compression failed: Size still too large (5.53MB)","msg":"VIDEO_PROCESS_ERROR"}
{"level":50,"time":"03:45:58.231","app":"TikTokCrawler","logger":"TikTokCrawl","url":"https://www.tiktok.com/@anhemtv.vn/video/7614137352646069524","err":"Compression failed: Size still too large (6.60MB)","msg":"VIDEO_PROCESS_ERROR"}
{"level":50,"time":"03:47:01.359","app":"TikTokCrawler","logger":"TikTokCrawl","url":"https://www.tiktok.com/@anhemtv.vn/video/7614117851066060033","err":"Video too large to compress: 31.78MB > 10MB","msg":"VIDEO_PROCESS_ERROR"}
{"level":50,"time":"03:47:40.306","app":"TikTokCrawler","logger":"TikTokCrawl","url":"https://www.tiktok.com/@anhemtv.vn/video/7614005315373157640","err":"Video too large to compress: 36.11MB > 10MB","msg":"VIDEO_PROCESS_ERROR"}
{"level":40,"time":"03:51:01.720","app":"TikTokCrawler","logger":"TikTokCrawl","url":"https://www.tiktok.com/@vinhtech/video/7112790365446409498","err":"yt-dlp exited with code 1","msg":"META_FETCH_FAIL"}
{"level":50,"time":"03:51:44.800","app":"TikTokCrawler","logger":"TikTokCrawl","url":"https://www.tiktok.com/@vinhtech/video/7104982663701777691","err":"Compression failed: Size still too large (5.15MB)","msg":"VIDEO_PROCESS_ERROR"}
{"level":50,"time":"03:55:13.547","app":"TikTokCrawler","logger":"TikTokCrawl","url":"https://www.tiktok.com/@caocuongvu/video/7610630993128590609","err":"Compression failed: Size still too large (5.30MB)","msg":"VIDEO_PROCESS_ERROR"}
{"level":50,"time":"04:42:38.241","app":"TikTokCrawler","logger":"TikTokCrawl","pid":28452,"timeout":300000,"msg":"YTDLP_TIMEOUT"}
{"level":50,"time":"04:42:38.334","app":"TikTokCrawler","logger":"TikTokCrawl","videoId":"7571806484875496712","err":"yt-dlp timeout: Process exceeded 300000ms.","msg":"DOWNLOAD_RAW_FAIL"}
{"level":30,"time":"04:42:39.620","app":"TikTokCrawler","logger":"CrawlerWorker","savedCount":39,"msg":"CRAWL_TIKTOK_COMPLETE"}
